<?xml version="1.0" encoding="UTF-8"?>
<testsuites name="TestSuite_1" time="4.024" tests="1" failures="0" errors="0">
   <testsuite name="TestSuite_1" tests="1" failures="0" errors="0" time="4.024" skipped="0" timestamp="2023-11-07 11:08:18" hostname="DS009$ - DS009.step.com" id="Test Suites/TestSuite_1">
      <properties>
         <property name="deviceName" value=""/>
         <property name="devicePlatform" value=""/>
         <property name="logFolder" value="C:\\Users\\Rohit Dhanwade\\git\\TataMotars\\Reports\\20231107_110806\\TestSuite_1\\20231107_110810"/>
         <property name="logFiles" value="C:\\Users\\Rohit Dhanwade\\git\\TataMotars\\Reports\\20231107_110806\\TestSuite_1\\20231107_110810\\execution0.log"/>
         <property name="attachments" value="C:\\Users\\Rohit Dhanwade\\git\\TataMotars\\Reports\\20231107_110806\\TestSuite_1\\20231107_110810\\1699335501283.png, C:\\Users\\Rohit Dhanwade\\git\\TataMotars\\Reports\\20231107_110806\\TestSuite_1\\20231107_110810\\1699335502294.png"/>
         <property name="hostName" value="DS009$ - DS009.step.com"/>
         <property name="os" value="Windows 10 64bit"/>
         <property name="katalonVersion" value="9.0.0.212"/>
         <property name="browser" value="Chrome 119.0.0.0"/>
         <property name="hostAddress" value="192.168.0.145"/>
         <property name="sessionId" value="580bf1ab7cf402c2413e194fb3418060"/>
         <property name="seleniumVersion" value="3.141.59"/>
         <property name="proxyInformation" value="ProxyInformation { proxyOption=NO_PROXY, proxyServerType=HTTP, username=, password=********, proxyServerAddress=, proxyServerPort=0, executionList=&quot;&quot;, isApplyToDesiredCapabilities=true }"/>
         <property name="platform" value="Windows 10"/>
      </properties>
      <testcase name="Test Cases/TC_01" time="3.912" classname="Test Cases/TC_01" status="PASSED">
         <system-out><![CDATA[2023-11-07 11:08:18 - [TEST_CASE][PASSED] - Test Cases/TC_01: Test Cases/TC_01

2023-11-07 11:08:18 - [TEST_STEP][PASSED] - println("Test Start"): null

2023-11-07 11:08:18 - [TEST_STEP][PASSED] - openBrowser("https://www.facebook.com/login/"): Browser is opened with url: 'https://www.facebook.com/login/'

2023-11-07 11:08:18 - [MESSAGE][INFO] - Starting 'Chrome' driver

2023-11-07 11:08:18 - [MESSAGE][INFO] - Action delay is set to 0 milliseconds

2023-11-07 11:08:20 - [MESSAGE][PASSED] - Browser is opened with url: 'https://www.facebook.com/login/'

2023-11-07 11:08:20 - [TEST_STEP][PASSED] - takeScreenshot(): Taking screenshot successfully

2023-11-07 11:08:21 - [MESSAGE][PASSED] - Taking screenshot successfully
[[ATTACHMENT|C:\\Users\\Rohit Dhanwade\\git\\TataMotars\\Reports\\20231107_110806\\TestSuite_1\\20231107_110810\\1699335501283.png]]

2023-11-07 11:08:21 - [TEST_STEP][PASSED] - setText(findTestObject("Username"), "Rohit"): Text 'Rohit' is set on object 'Object Repository/Username'

2023-11-07 11:08:21 - [MESSAGE][PASSED] - Text 'Rohit' is set on object 'Object Repository/Username'

2023-11-07 11:08:21 - [TEST_STEP][PASSED] - takeScreenshot(): Taking screenshot successfully

2023-11-07 11:08:22 - [MESSAGE][PASSED] - Taking screenshot successfully
[[ATTACHMENT|C:\\Users\\Rohit Dhanwade\\git\\TataMotars\\Reports\\20231107_110806\\TestSuite_1\\20231107_110810\\1699335502294.png]]

2023-11-07 11:08:22 - [TEST_STEP][PASSED] - println("Test End"): null]]></system-out>
         <system-err><![CDATA[]]></system-err>
      </testcase>
      <system-out><![CDATA[2023-11-07 11:08:18 - [TEST_SUITE][PASSED] - TestSuite_1: Test Cases/TC_01]]></system-out>
      <system-err><![CDATA[]]></system-err>
   </testsuite>
</testsuites>
