<?xml version="1.0" encoding="UTF-8"?>
<testsuites name="TestSuite_1" time="0.27" tests="1" failures="0" errors="0">
   <testsuite name="TestSuite_1" tests="1" failures="0" errors="0" time="0.27" skipped="0" timestamp="2023-11-06 18:11:20" hostname="DS009$ - DS009.step.com" id="Test Suites/TestSuite_1">
      <properties>
         <property name="deviceName" value=""/>
         <property name="devicePlatform" value=""/>
         <property name="logFolder" value="C:\\Users\\Rohit Dhanwade\\git\\TataMotars\\Reports\\20231106_181112\\TestSuite_1\\20231106_181117"/>
         <property name="logFiles" value="C:\\Users\\Rohit Dhanwade\\git\\TataMotars\\Reports\\20231106_181112\\TestSuite_1\\20231106_181117\\execution0.log"/>
         <property name="attachments" value=""/>
         <property name="hostName" value="DS009$ - DS009.step.com"/>
         <property name="hostAddress" value="192.168.0.145"/>
         <property name="os" value="Windows 10 64bit"/>
         <property name="katalonVersion" value="9.0.0.212"/>
      </properties>
      <testcase name="Test Cases/TC_01" time="0.156" classname="Test Cases/TC_01" status="PASSED">
         <system-out><![CDATA[2023-11-06 18:11:20 - [TEST_CASE][PASSED] - Test Cases/TC_01: Test Cases/TC_01

2023-11-06 18:11:20 - [TEST_STEP][PASSED] - println("Test Start"): null]]></system-out>
         <system-err><![CDATA[]]></system-err>
      </testcase>
      <system-out><![CDATA[2023-11-06 18:11:20 - [TEST_SUITE][PASSED] - TestSuite_1: Test Cases/TC_01]]></system-out>
      <system-err><![CDATA[]]></system-err>
   </testsuite>
</testsuites>
